# JRE version: OpenJDK Runtime Environment (11.0.10+9) (build 11.0.10+9)
# Java VM: OpenJDK 64-Bit Server VM (11.0.10+9, mixed mode, tiered, compressed oops, parallel gc, linux-amd64)
Heap:
 PSYoungGen      total 8192K, used 8174K [0x00000000eab00000, 0x00000000ebd00000, 0x0000000100000000)
  eden space 7168K, 100% used [0x00000000eab00000,0x00000000eb200000,0x00000000eb200000)
  from space 1024K, 98% used [0x00000000eb300000,0x00000000eb3fbb70,0x00000000eb400000)
  to   space 5632K, 97% used [0x00000000eb780000,0x00000000ebcd76e0,0x00000000ebd00000)
 ParOldGen       total 177152K, used 167719K [0x00000000c0000000, 0x00000000cad00000, 0x00000000eab00000)
  object space 177152K, 94% used [0x00000000c0000000,0x00000000ca3c9e80,0x00000000cad00000)
 Metaspace       used 92444K, capacity 96197K, committed 96768K, reserved 1136640K
  class space    used 8120K, capacity 9533K, committed 9728K, reserved 1048576K
GC Heap History (20 events):
Event: 13865,185 GC heap after
{Heap after GC invocations=10782 (full 291):
 PSYoungGen      total 6144K, used 288K [0x00000000eab00000, 0x00000000eb280000, 0x0000000100000000)
  eden space 5632K, 0% used [0x00000000eab00000,0x00000000eab00000,0x00000000eb080000)
  from space 512K, 56% used [0x00000000eb200000,0x00000000eb248000,0x00000000eb280000)
  to   space 1024K, 0% used [0x00000000eb080000,0x00000000eb080000,0x00000000eb180000)
 ParOldGen       total 177152K, used 159764K [0x00000000c0000000, 0x00000000cad00000, 0x00000000eab00000)
  object space 177152K, 90% used [0x00000000c0000000,0x00000000c9c05220,0x00000000cad00000)
 Metaspace       used 92423K, capacity 96197K, committed 96768K, reserved 1136640K
  class space    used 8120K, capacity 9533K, committed 9728K, reserved 1048576K
}
Event: 13865,192 GC heap before
{Heap before GC invocations=10783 (full 291):
 PSYoungGen      total 6144K, used 5920K [0x00000000eab00000, 0x00000000eb280000, 0x0000000100000000)
  eden space 5632K, 100% used [0x00000000eab00000,0x00000000eb080000,0x00000000eb080000)
  from space 512K, 56% used [0x00000000eb200000,0x00000000eb248000,0x00000000eb280000)
  to   space 1024K, 0% used [0x00000000eb080000,0x00000000eb080000,0x00000000eb180000)
 ParOldGen       total 177152K, used 159764K [0x00000000c0000000, 0x00000000cad00000, 0x00000000eab00000)
  object space 177152K, 90% used [0x00000000c0000000,0x00000000c9c05220,0x00000000cad00000)
 Metaspace       used 92423K, capacity 96197K, committed 96768K, reserved 1136640K
  class space    used 8120K, capacity 9533K, committed 9728K, reserved 1048576K
}
Event: 13865,193 GC heap after
{Heap after GC invocations=10783 (full 291):
 PSYoungGen      total 6656K, used 1024K [0x00000000eab00000, 0x00000000eb700000, 0x0000000100000000)
  eden space 5632K, 0% used [0x00000000eab00000,0x00000000eab00000,0x00000000eb080000)
  from space 1024K, 100% used [0x00000000eb080000,0x00000000eb180000,0x00000000eb180000)
  to   space 2560K, 0% used [0x00000000eb480000,0x00000000eb480000,0x00000000eb700000)
 ParOldGen       total 177152K, used 160722K [0x00000000c0000000, 0x00000000cad00000, 0x00000000eab00000)
  object space 177152K, 90% used [0x00000000c0000000,0x00000000c9cf4a20,0x00000000cad00000)
 Metaspace       used 92423K, capacity 96197K, committed 96768K, reserved 1136640K
  class space    used 8120K, capacity 9533K, committed 9728K, reserved 1048576K
}
Event: 13865,199 GC heap before
{Heap before GC invocations=10784 (full 291):
 PSYoungGen      total 6656K, used 6656K [0x00000000eab00000, 0x00000000eb700000, 0x0000000100000000)
  eden space 5632K, 100% used [0x00000000eab00000,0x00000000eb080000,0x00000000eb080000)
  from space 1024K, 100% used [0x00000000eb080000,0x00000000eb180000,0x00000000eb180000)
  to   space 2560K, 0% used [0x00000000eb480000,0x00000000eb480000,0x00000000eb700000)
 ParOldGen       total 177152K, used 160722K [0x00000000c0000000, 0x00000000cad00000, 0x00000000eab00000)
  object space 177152K, 90% used [0x00000000c0000000,0x00000000c9cf4a20,0x00000000cad00000)
 Metaspace       used 92423K, capacity 96197K, committed 96768K, reserved 1136640K
  class space    used 8120K, capacity 9533K, committed 9728K, reserved 1048576K
}
Event: 13865,200 GC heap after
{Heap after GC invocations=10784 (full 291):
 PSYoungGen      total 8704K, used 1264K [0x00000000eab00000, 0x00000000eb600000, 0x0000000100000000)
  eden space 7168K, 0% used [0x00000000eab00000,0x00000000eab00000,0x00000000eb200000)
  from space 1536K, 82% used [0x00000000eb480000,0x00000000eb5bc010,0x00000000eb600000)
  to   space 1536K, 0% used [0x00000000eb300000,0x00000000eb300000,0x00000000eb480000)
 ParOldGen       total 177152K, used 161738K [0x00000000c0000000, 0x00000000cad00000, 0x00000000eab00000)
  object space 177152K, 91% used [0x00000000c0000000,0x00000000c9df28d8,0x00000000cad00000)
 Metaspace       used 92423K, capacity 96197K, committed 96768K, reserved 1136640K
  class space    used 8120K, capacity 9533K, committed 9728K, reserved 1048576K
}
Event: 13865,210 GC heap before
{Heap before GC invocations=10785 (full 291):
 PSYoungGen      total 8704K, used 8432K [0x00000000eab00000, 0x00000000eb600000, 0x0000000100000000)
  eden space 7168K, 100% used [0x00000000eab00000,0x00000000eb200000,0x00000000eb200000)
  from space 1536K, 82% used [0x00000000eb480000,0x00000000eb5bc010,0x00000000eb600000)
  to   space 1536K, 0% used [0x00000000eb300000,0x00000000eb300000,0x00000000eb480000)
 ParOldGen       total 177152K, used 161738K [0x00000000c0000000, 0x00000000cad00000, 0x00000000eab00000)
  object space 177152K, 91% used [0x00000000c0000000,0x00000000c9df28d8,0x00000000cad00000)
 Metaspace       used 92423K, capacity 96197K, committed 96768K, reserved 1136640K
  class space    used 8120K, capacity 9533K, committed 9728K, reserved 1048576K
}
Event: 13865,212 GC heap after
{Heap after GC invocations=10785 (full 291):
 PSYoungGen      total 8704K, used 1152K [0x00000000eab00000, 0x00000000eb500000, 0x0000000100000000)
  eden space 7168K, 0% used [0x00000000eab00000,0x00000000eab00000,0x00000000eb200000)
  from space 1536K, 75% used [0x00000000eb300000,0x00000000eb420000,0x00000000eb480000)
  to   space 512K, 0% used [0x00000000eb480000,0x00000000eb480000,0x00000000eb500000)
 ParOldGen       total 177152K, used 162216K [0x00000000c0000000, 0x00000000cad00000, 0x00000000eab00000)
  object space 177152K, 91% used [0x00000000c0000000,0x00000000c9e6a058,0x00000000cad00000)
 Metaspace       used 92423K, capacity 96197K, committed 96768K, reserved 1136640K
  class space    used 8120K, capacity 9533K, committed 9728K, reserved 1048576K
}
Event: 13865,222 GC heap before
{Heap before GC invocations=10786 (full 291):
 PSYoungGen      total 8704K, used 8320K [0x00000000eab00000, 0x00000000eb500000, 0x0000000100000000)
  eden space 7168K, 100% used [0x00000000eab00000,0x00000000eb200000,0x00000000eb200000)
  from space 1536K, 75% used [0x00000000eb300000,0x00000000eb420000,0x00000000eb480000)
  to   space 512K, 0% used [0x00000000eb480000,0x00000000eb480000,0x00000000eb500000)
 ParOldGen       total 177152K, used 162216K [0x00000000c0000000, 0x00000000cad00000, 0x00000000eab00000)
  object space 177152K, 91% used [0x00000000c0000000,0x00000000c9e6a058,0x00000000cad00000)
 Metaspace       used 92423K, capacity 96197K, committed 96768K, reserved 1136640K
  class space    used 8120K, capacity 9533K, committed 9728K, reserved 1048576K
}
Event: 13865,223 GC heap after
{Heap after GC invocations=10786 (full 291):
 PSYoungGen      total 7680K, used 352K [0x00000000eab00000, 0x00000000eb500000, 0x0000000100000000)
  eden space 7168K, 0% used [0x00000000eab00000,0x00000000eab00000,0x00000000eb200000)
  from space 512K, 68% used [0x00000000eb480000,0x00000000eb4d8000,0x00000000eb500000)
  to   space 1024K, 0% used [0x00000000eb300000,0x00000000eb300000,0x00000000eb400000)
 ParOldGen       total 177152K, used 162256K [0x00000000c0000000, 0x00000000cad00000, 0x00000000eab00000)
  object space 177152K, 91% used [0x00000000c0000000,0x00000000c9e74058,0x00000000cad00000)
 Metaspace       used 92423K, capacity 96197K, committed 96768K, reserved 1136640K
  class space    used 8120K, capacity 9533K, committed 9728K, reserved 1048576K
}
Event: 13865,492 GC heap before
{Heap before GC invocations=10787 (full 291):
 PSYoungGen      total 7680K, used 7520K [0x00000000eab00000, 0x00000000eb500000, 0x0000000100000000)
  eden space 7168K, 100% used [0x00000000eab00000,0x00000000eb200000,0x00000000eb200000)
  from space 512K, 68% used [0x00000000eb480000,0x00000000eb4d8000,0x00000000eb500000)
  to   space 1024K, 0% used [0x00000000eb300000,0x00000000eb300000,0x00000000eb400000)
 ParOldGen       total 177152K, used 162256K [0x00000000c0000000, 0x00000000cad00000, 0x00000000eab00000)
  object space 177152K, 91% used [0x00000000c0000000,0x00000000c9e74058,0x00000000cad00000)
 Metaspace       used 92423K, capacity 96197K, committed 96768K, reserved 1136640K
  class space    used 8120K, capacity 9533K, committed 9728K, reserved 1048576K
}
Event: 13865,493 GC heap after
{Heap after GC invocations=10787 (full 291):
 PSYoungGen      total 8192K, used 384K [0x00000000eab00000, 0x00000000eb500000, 0x0000000100000000)
  eden space 7168K, 0% used [0x00000000eab00000,0x00000000eab00000,0x00000000eb200000)
  from space 1024K, 37% used [0x00000000eb300000,0x00000000eb360000,0x00000000eb400000)
  to   space 512K, 0% used [0x00000000eb480000,0x00000000eb480000,0x00000000eb500000)
 ParOldGen       total 177152K, used 162272K [0x00000000c0000000, 0x00000000cad00000, 0x00000000eab00000)
  object space 177152K, 91% used [0x00000000c0000000,0x00000000c9e78058,0x00000000cad00000)
 Metaspace       used 92423K, capacity 96197K, committed 96768K, reserved 1136640K
  class space    used 8120K, capacity 9533K, committed 9728K, reserved 1048576K
}
Event: 13865,502 GC heap before
{Heap before GC invocations=10788 (full 291):
 PSYoungGen      total 8192K, used 7552K [0x00000000eab00000, 0x00000000eb500000, 0x0000000100000000)
  eden space 7168K, 100% used [0x00000000eab00000,0x00000000eb200000,0x00000000eb200000)
  from space 1024K, 37% used [0x00000000eb300000,0x00000000eb360000,0x00000000eb400000)
  to   space 512K, 0% used [0x00000000eb480000,0x00000000eb480000,0x00000000eb500000)
 ParOldGen       total 177152K, used 162272K [0x00000000c0000000, 0x00000000cad00000, 0x00000000eab00000)
  object space 177152K, 91% used [0x00000000c0000000,0x00000000c9e78058,0x00000000cad00000)
 Metaspace       used 92423K, capacity 96197K, committed 96768K, reserved 1136640K
  class space    used 8120K, capacity 9533K, committed 9728K, reserved 1048576K
}
Event: 13865,503 GC heap after
{Heap after GC invocations=10788 (full 291):
 PSYoungGen      total 7680K, used 352K [0x00000000eab00000, 0x00000000eb500000, 0x0000000100000000)
  eden space 7168K, 0% used [0x00000000eab00000,0x00000000eab00000,0x00000000eb200000)
  from space 512K, 68% used [0x00000000eb480000,0x00000000eb4d8000,0x00000000eb500000)
  to   space 512K, 0% used [0x00000000eb400000,0x00000000eb400000,0x00000000eb480000)
 ParOldGen       total 177152K, used 162472K [0x00000000c0000000, 0x00000000cad00000, 0x00000000eab00000)
  object space 177152K, 91% used [0x00000000c0000000,0x00000000c9eaa058,0x00000000cad00000)
 Metaspace       used 92423K, capacity 96197K, committed 96768K, reserved 1136640K
  class space    used 8120K, capacity 9533K, committed 9728K, reserved 1048576K
}
Event: 13865,921 GC heap before
{Heap before GC invocations=10789 (full 291):
 PSYoungGen      total 7680K, used 7520K [0x00000000eab00000, 0x00000000eb500000, 0x0000000100000000)
  eden space 7168K, 100% used [0x00000000eab00000,0x00000000eb200000,0x00000000eb200000)
  from space 512K, 68% used [0x00000000eb480000,0x00000000eb4d8000,0x00000000eb500000)
  to   space 512K, 0% used [0x00000000eb400000,0x00000000eb400000,0x00000000eb480000)
 ParOldGen       total 177152K, used 162472K [0x00000000c0000000, 0x00000000cad00000, 0x00000000eab00000)
  object space 177152K, 91% used [0x00000000c0000000,0x00000000c9eaa058,0x00000000cad00000)
 Metaspace       used 92424K, capacity 96197K, committed 96768K, reserved 1136640K
  class space    used 8120K, capacity 9533K, committed 9728K, reserved 1048576K
}
Event: 13865,922 GC heap after
{Heap after GC invocations=10789 (full 291):
 PSYoungGen      total 7680K, used 503K [0x00000000eab00000, 0x00000000eb500000, 0x0000000100000000)
  eden space 7168K, 0% used [0x00000000eab00000,0x00000000eab00000,0x00000000eb200000)
  from space 512K, 98% used [0x00000000eb400000,0x00000000eb47dca0,0x00000000eb480000)
  to   space 512K, 0% used [0x00000000eb480000,0x00000000eb480000,0x00000000eb500000)
 ParOldGen       total 177152K, used 162985K [0x00000000c0000000, 0x00000000cad00000, 0x00000000eab00000)
  object space 177152K, 92% used [0x00000000c0000000,0x00000000c9f2a750,0x00000000cad00000)
 Metaspace       used 92424K, capacity 96197K, committed 96768K, reserved 1136640K
  class space    used 8120K, capacity 9533K, committed 9728K, reserved 1048576K
}
Event: 13866,194 GC heap before
{Heap before GC invocations=10790 (full 291):
 PSYoungGen      total 7680K, used 7671K [0x00000000eab00000, 0x00000000eb500000, 0x0000000100000000)
  eden space 7168K, 100% used [0x00000000eab00000,0x00000000eb200000,0x00000000eb200000)
  from space 512K, 98% used [0x00000000eb400000,0x00000000eb47dca0,0x00000000eb480000)
  to   space 512K, 0% used [0x00000000eb480000,0x00000000eb480000,0x00000000eb500000)
 ParOldGen       total 177152K, used 162985K [0x00000000c0000000, 0x00000000cad00000, 0x00000000eab00000)
  object space 177152K, 92% used [0x00000000c0000000,0x00000000c9f2a750,0x00000000cad00000)
 Metaspace       used 92436K, capacity 96197K, committed 96768K, reserved 1136640K
  class space    used 8120K, capacity 9533K, committed 9728K, reserved 1048576K
}
Event: 13866,196 GC heap after
{Heap after GC invocations=10790 (full 291):
 PSYoungGen      total 7680K, used 512K [0x00000000eab00000, 0x00000000eb500000, 0x0000000100000000)
  eden space 7168K, 0% used [0x00000000eab00000,0x00000000eab00000,0x00000000eb200000)
  from space 512K, 100% used [0x00000000eb480000,0x00000000eb500000,0x00000000eb500000)
  to   space 1024K, 0% used [0x00000000eb300000,0x00000000eb300000,0x00000000eb400000)
 ParOldGen       total 177152K, used 163428K [0x00000000c0000000, 0x00000000cad00000, 0x00000000eab00000)
  object space 177152K, 92% used [0x00000000c0000000,0x00000000c9f992b0,0x00000000cad00000)
 Metaspace       used 92436K, capacity 96197K, committed 96768K, reserved 1136640K
  class space    used 8120K, capacity 9533K, committed 9728K, reserved 1048576K
}
Event: 13866,207 GC heap before
{Heap before GC invocations=10791 (full 291):
 PSYoungGen      total 7680K, used 7680K [0x00000000eab00000, 0x00000000eb500000, 0x0000000100000000)
  eden space 7168K, 100% used [0x00000000eab00000,0x00000000eb200000,0x00000000eb200000)
  from space 512K, 100% used [0x00000000eb480000,0x00000000eb500000,0x00000000eb500000)
  to   space 1024K, 0% used [0x00000000eb300000,0x00000000eb300000,0x00000000eb400000)
 ParOldGen       total 177152K, used 163428K [0x00000000c0000000, 0x00000000cad00000, 0x00000000eab00000)
  object space 177152K, 92% used [0x00000000c0000000,0x00000000c9f992b0,0x00000000cad00000)
 Metaspace       used 92444K, capacity 96197K, committed 96768K, reserved 1136640K
  class space    used 8120K, capacity 9533K, committed 9728K, reserved 1048576K
}
Event: 13866,209 GC heap after
{Heap after GC invocations=10791 (full 291):
 PSYoungGen      total 8192K, used 1006K [0x00000000eab00000, 0x00000000ebd00000, 0x0000000100000000)
  eden space 7168K, 0% used [0x00000000eab00000,0x00000000eab00000,0x00000000eb200000)
  from space 1024K, 98% used [0x00000000eb300000,0x00000000eb3fbb70,0x00000000eb400000)
  to   space 5632K, 0% used [0x00000000eb780000,0x00000000eb780000,0x00000000ebd00000)
 ParOldGen       total 177152K, used 167218K [0x00000000c0000000, 0x00000000cad00000, 0x00000000eab00000)
  object space 177152K, 94% used [0x00000000c0000000,0x00000000ca34ca30,0x00000000cad00000)
 Metaspace       used 92444K, capacity 96197K, committed 96768K, reserved 1136640K
  class space    used 8120K, capacity 9533K, committed 9728K, reserved 1048576K
}
Event: 13866,216 GC heap before
{Heap before GC invocations=10792 (full 291):
 PSYoungGen      total 8192K, used 8174K [0x00000000eab00000, 0x00000000ebd00000, 0x0000000100000000)
  eden space 7168K, 100% used [0x00000000eab00000,0x00000000eb200000,0x00000000eb200000)
  from space 1024K, 98% used [0x00000000eb300000,0x00000000eb3fbb70,0x00000000eb400000)
  to   space 5632K, 0% used [0x00000000eb780000,0x00000000eb780000,0x00000000ebd00000)
 ParOldGen       total 177152K, used 167218K [0x00000000c0000000, 0x00000000cad00000, 0x00000000eab00000)
  object space 177152K, 94% used [0x00000000c0000000,0x00000000ca34ca30,0x00000000cad00000)
 Metaspace       used 92444K, capacity 96197K, committed 96768K, reserved 1136640K
  class space    used 8120K, capacity 9533K, committed 9728K, reserved 1048576K
}

